2021-03-21 16:00:23.230  INFO 20408 --- [main] com.example.demo.SareetaApplication      : Starting SareetaApplication on IT0126597 with PID 20408 (C:\Users\msarmanova\Desktop\training\java_nanodegree\course4Devops\nd035-c4-Security-and-DevOps\starter_code\target\classes started by msarmanova in C:\Users\msarmanova\Desktop\training\java_nanodegree\course4Devops\nd035-c4-Security-and-DevOps\starter_code)
2021-03-21 16:00:23.234  INFO 20408 --- [main] com.example.demo.SareetaApplication      : No active profile set, falling back to default profiles: default
2021-03-21 16:00:23.761  INFO 20408 --- [main] .s.d.r.c.RepositoryConfigurationDelegate : Bootstrapping Spring Data JPA repositories in DEFAULT mode.
2021-03-21 16:00:23.815  INFO 20408 --- [main] .s.d.r.c.RepositoryConfigurationDelegate : Finished Spring Data repository scanning in 46ms. Found 4 JPA repository interfaces.
2021-03-21 16:00:24.325  INFO 20408 --- [main] o.s.b.w.embedded.tomcat.TomcatWebServer  : Tomcat initialized with port(s): 8080 (http)
2021-03-21 16:00:24.331  INFO 20408 --- [main] o.apache.catalina.core.StandardService   : Starting service [Tomcat]
2021-03-21 16:00:24.331  INFO 20408 --- [main] org.apache.catalina.core.StandardEngine  : Starting Servlet engine: [Apache Tomcat/9.0.37]
2021-03-21 16:00:24.414  INFO 20408 --- [main] o.a.c.c.C.[Tomcat].[localhost].[/]       : Initializing Spring embedded WebApplicationContext
2021-03-21 16:00:24.415  INFO 20408 --- [main] w.s.c.ServletWebServerApplicationContext : Root WebApplicationContext: initialization completed in 1133 ms
2021-03-21 16:00:24.569  INFO 20408 --- [main] o.hibernate.jpa.internal.util.LogHelper  : HHH000204: Processing PersistenceUnitInfo [name: default]
2021-03-21 16:00:24.605  INFO 20408 --- [main] org.hibernate.Version                    : HHH000412: Hibernate ORM core version 5.4.18.Final
2021-03-21 16:00:24.700  INFO 20408 --- [main] o.hibernate.annotations.common.Version   : HCANN000001: Hibernate Commons Annotations {5.1.0.Final}
2021-03-21 16:00:24.772  INFO 20408 --- [main] com.zaxxer.hikari.HikariDataSource       : HikariPool-1 - Starting...
2021-03-21 16:00:24.908  INFO 20408 --- [main] com.zaxxer.hikari.HikariDataSource       : HikariPool-1 - Start completed.
2021-03-21 16:00:24.919  INFO 20408 --- [main] org.hibernate.dialect.Dialect            : HHH000400: Using dialect: org.hibernate.dialect.H2Dialect
2021-03-21 16:00:25.452  INFO 20408 --- [main] o.h.e.t.j.p.i.JtaPlatformInitiator       : HHH000490: Using JtaPlatform implementation: [org.hibernate.engine.transaction.jta.platform.internal.NoJtaPlatform]
2021-03-21 16:00:25.458  INFO 20408 --- [main] j.LocalContainerEntityManagerFactoryBean : Initialized JPA EntityManagerFactory for persistence unit 'default'
2021-03-21 16:00:25.706  WARN 20408 --- [main] JpaBaseConfiguration$JpaWebConfiguration : spring.jpa.open-in-view is enabled by default. Therefore, database queries may be performed during view rendering. Explicitly configure spring.jpa.open-in-view to disable this warning
2021-03-21 16:00:26.021  INFO 20408 --- [main] o.s.s.web.DefaultSecurityFilterChain     : Creating filter chain: any request, [org.springframework.security.web.context.request.async.WebAsyncManagerIntegrationFilter@3855d9b2, org.springframework.security.web.context.SecurityContextPersistenceFilter@795b66d, org.springframework.security.web.header.HeaderWriterFilter@7767bd4e, org.springframework.web.filter.CorsFilter@39f42d0e, org.springframework.security.web.authentication.logout.LogoutFilter@5f0f70c7, com.example.demo.security.JWTAuthenticationFilter@47a3d56a, com.example.demo.security.JWTAuthenticationVerficationFilter@3a209918, org.springframework.security.web.savedrequest.RequestCacheAwareFilter@1068176, org.springframework.security.web.servletapi.SecurityContextHolderAwareRequestFilter@333398f, org.springframework.security.web.authentication.AnonymousAuthenticationFilter@2cae5fa7, org.springframework.security.web.session.SessionManagementFilter@433ef204, org.springframework.security.web.access.ExceptionTranslationFilter@1304e0d7, org.springframework.security.web.access.intercept.FilterSecurityInterceptor@71567f33]
2021-03-21 16:00:26.054  INFO 20408 --- [main] o.s.s.concurrent.ThreadPoolTaskExecutor  : Initializing ExecutorService 'applicationTaskExecutor'
2021-03-21 16:00:26.144  INFO 20408 --- [main] o.s.b.w.embedded.tomcat.TomcatWebServer  : Tomcat started on port(s): 8080 (http) with context path ''
2021-03-21 16:00:26.150  INFO 20408 --- [main] com.example.demo.SareetaApplication      : Started SareetaApplication in 3.295 seconds (JVM running for 4.047)
2021-03-21 16:01:23.149  INFO 15528 --- [main] com.example.demo.SareetaApplication      : Starting SareetaApplication on IT0126597 with PID 15528 (C:\Users\msarmanova\Desktop\training\java_nanodegree\course4Devops\nd035-c4-Security-and-DevOps\starter_code\target\classes started by msarmanova in C:\Users\msarmanova\Desktop\training\java_nanodegree\course4Devops\nd035-c4-Security-and-DevOps\starter_code)
2021-03-21 16:01:23.152  INFO 15528 --- [main] com.example.demo.SareetaApplication      : No active profile set, falling back to default profiles: default
2021-03-21 16:01:23.660  INFO 15528 --- [main] .s.d.r.c.RepositoryConfigurationDelegate : Bootstrapping Spring Data JPA repositories in DEFAULT mode.
2021-03-21 16:01:23.712  INFO 15528 --- [main] .s.d.r.c.RepositoryConfigurationDelegate : Finished Spring Data repository scanning in 44ms. Found 4 JPA repository interfaces.
2021-03-21 16:01:24.200  INFO 15528 --- [main] o.s.b.w.embedded.tomcat.TomcatWebServer  : Tomcat initialized with port(s): 8080 (http)
2021-03-21 16:01:24.206  INFO 15528 --- [main] o.apache.catalina.core.StandardService   : Starting service [Tomcat]
2021-03-21 16:01:24.207  INFO 15528 --- [main] org.apache.catalina.core.StandardEngine  : Starting Servlet engine: [Apache Tomcat/9.0.37]
2021-03-21 16:01:24.285  INFO 15528 --- [main] o.a.c.c.C.[Tomcat].[localhost].[/]       : Initializing Spring embedded WebApplicationContext
2021-03-21 16:01:24.285  INFO 15528 --- [main] w.s.c.ServletWebServerApplicationContext : Root WebApplicationContext: initialization completed in 1084 ms
2021-03-21 16:01:24.450  INFO 15528 --- [main] o.hibernate.jpa.internal.util.LogHelper  : HHH000204: Processing PersistenceUnitInfo [name: default]
2021-03-21 16:01:24.487  INFO 15528 --- [main] org.hibernate.Version                    : HHH000412: Hibernate ORM core version 5.4.18.Final
2021-03-21 16:01:24.584  INFO 15528 --- [main] o.hibernate.annotations.common.Version   : HCANN000001: Hibernate Commons Annotations {5.1.0.Final}
2021-03-21 16:01:24.660  INFO 15528 --- [main] com.zaxxer.hikari.HikariDataSource       : HikariPool-1 - Starting...
2021-03-21 16:01:24.791  INFO 15528 --- [main] com.zaxxer.hikari.HikariDataSource       : HikariPool-1 - Start completed.
2021-03-21 16:01:24.804  INFO 15528 --- [main] org.hibernate.dialect.Dialect            : HHH000400: Using dialect: org.hibernate.dialect.H2Dialect
2021-03-21 16:01:25.382  INFO 15528 --- [main] o.h.e.t.j.p.i.JtaPlatformInitiator       : HHH000490: Using JtaPlatform implementation: [org.hibernate.engine.transaction.jta.platform.internal.NoJtaPlatform]
2021-03-21 16:01:25.389  INFO 15528 --- [main] j.LocalContainerEntityManagerFactoryBean : Initialized JPA EntityManagerFactory for persistence unit 'default'
2021-03-21 16:01:25.628  WARN 15528 --- [main] JpaBaseConfiguration$JpaWebConfiguration : spring.jpa.open-in-view is enabled by default. Therefore, database queries may be performed during view rendering. Explicitly configure spring.jpa.open-in-view to disable this warning
2021-03-21 16:01:25.968  INFO 15528 --- [main] o.s.s.web.DefaultSecurityFilterChain     : Creating filter chain: any request, [org.springframework.security.web.context.request.async.WebAsyncManagerIntegrationFilter@26d0ece6, org.springframework.security.web.context.SecurityContextPersistenceFilter@77c66a4f, org.springframework.security.web.header.HeaderWriterFilter@150fc7a7, org.springframework.web.filter.CorsFilter@100bba26, org.springframework.security.web.authentication.logout.LogoutFilter@4b93dd6a, com.example.demo.security.JWTAuthenticationFilter@4ae280da, com.example.demo.security.JWTAuthenticationVerficationFilter@76d0ecd7, org.springframework.security.web.savedrequest.RequestCacheAwareFilter@7a3f08b6, org.springframework.security.web.servletapi.SecurityContextHolderAwareRequestFilter@751d7425, org.springframework.security.web.authentication.AnonymousAuthenticationFilter@57c69937, org.springframework.security.web.session.SessionManagementFilter@798cf6d2, org.springframework.security.web.access.ExceptionTranslationFilter@700b9e6b, org.springframework.security.web.access.intercept.FilterSecurityInterceptor@71bb8b34]
2021-03-21 16:01:26.001  INFO 15528 --- [main] o.s.s.concurrent.ThreadPoolTaskExecutor  : Initializing ExecutorService 'applicationTaskExecutor'
2021-03-21 16:01:26.094  INFO 15528 --- [main] o.s.b.w.embedded.tomcat.TomcatWebServer  : Tomcat started on port(s): 8080 (http) with context path ''
2021-03-21 16:01:26.100  INFO 15528 --- [main] com.example.demo.SareetaApplication      : Started SareetaApplication in 3.283 seconds (JVM running for 3.975)
2021-03-21 16:01:48.071  INFO 15528 --- [http-nio-8080-exec-1] o.a.c.c.C.[Tomcat].[localhost].[/]       : Initializing Spring DispatcherServlet 'dispatcherServlet'
2021-03-21 16:01:48.072  INFO 15528 --- [http-nio-8080-exec-1] o.s.web.servlet.DispatcherServlet        : Initializing Servlet 'dispatcherServlet'
2021-03-21 16:01:48.076  INFO 15528 --- [http-nio-8080-exec-1] o.s.web.servlet.DispatcherServlet        : Completed initialization in 4 ms
2021-03-21 16:01:48.287  INFO 15528 --- [http-nio-8080-exec-1] c.e.demo.controllers.UserController      : user was successfully created with the name Marina2
2021-03-21 16:02:11.862  INFO 15528 --- [http-nio-8080-exec-5] c.e.demo.controllers.UserController      : item was successfully added to cart of Marina2
